<?xml version="1.0" encoding="UTF-8"?>
<testng-results skipped="0" failed="0" ignored="0" total="10" passed="10">
  <reporter-output>
  </reporter-output>
  <suite name="runner.Testcase1" duration-ms="48149" started-at="2022-05-20T15:56:41 IST" finished-at="2022-05-20T15:57:30 IST">
    <groups>
    </groups>
    <test name="Command line test" duration-ms="48149" started-at="2022-05-20T15:56:41 IST" finished-at="2022-05-20T15:57:30 IST">
      <class name="runner.Testcase1">
        <test-method status="PASS" signature="setupsuite()[pri:0, instance:runner.Testcase1@887af79]" name="setupsuite" is-config="true" duration-ms="14" started-at="2022-05-20T15:56:41 IST" finished-at="2022-05-20T15:56:41 IST">
          <reporter-output>
          </reporter-output>
        </test-method> <!-- setupsuite -->
        <test-method status="PASS" signature="voidsetup()[pri:0, instance:runner.Testcase1@887af79]" name="voidsetup" is-config="true" duration-ms="3951" started-at="2022-05-20T15:56:41 IST" finished-at="2022-05-20T15:56:45 IST">
          <reporter-output>
          </reporter-output>
        </test-method> <!-- voidsetup -->
        <test-method status="PASS" signature="loginDetails()[pri:1, instance:runner.Testcase1@887af79]" name="loginDetails" duration-ms="4549" started-at="2022-05-20T15:56:45 IST" finished-at="2022-05-20T15:56:50 IST">
          <reporter-output>
          </reporter-output>
        </test-method> <!-- loginDetails -->
        <test-method status="PASS" signature="signUpDetails()[pri:2, instance:runner.Testcase1@887af79]" name="signUpDetails" duration-ms="7214" started-at="2022-05-20T15:56:50 IST" finished-at="2022-05-20T15:56:57 IST">
          <reporter-output>
          </reporter-output>
        </test-method> <!-- signUpDetails -->
        <test-method status="PASS" signature="searchPageDetails()[pri:3, instance:runner.Testcase1@887af79]" name="searchPageDetails" duration-ms="3012" started-at="2022-05-20T15:56:57 IST" finished-at="2022-05-20T15:57:00 IST">
          <reporter-output>
          </reporter-output>
        </test-method> <!-- searchPageDetails -->
        <test-method status="PASS" signature="coffeePage()[pri:4, instance:runner.Testcase1@887af79]" name="coffeePage" duration-ms="7410" started-at="2022-05-20T15:57:00 IST" finished-at="2022-05-20T15:57:08 IST">
          <reporter-output>
          </reporter-output>
        </test-method> <!-- coffeePage -->
        <test-method status="PASS" signature="bookingDetails()[pri:5, instance:runner.Testcase1@887af79]" name="bookingDetails" duration-ms="5974" started-at="2022-05-20T15:57:08 IST" finished-at="2022-05-20T15:57:14 IST">
          <reporter-output>
          </reporter-output>
        </test-method> <!-- bookingDetails -->
        <test-method status="PASS" signature="coffeeTableList()[pri:6, instance:runner.Testcase1@887af79]" name="coffeeTableList" duration-ms="1993" started-at="2022-05-20T15:57:14 IST" finished-at="2022-05-20T15:57:16 IST">
          <reporter-output>
          </reporter-output>
        </test-method> <!-- coffeeTableList -->
        <test-method status="PASS" signature="gamingChair()[pri:7, instance:runner.Testcase1@887af79]" name="gamingChair" duration-ms="3093" started-at="2022-05-20T15:57:16 IST" finished-at="2022-05-20T15:57:19 IST">
          <reporter-output>
          </reporter-output>
        </test-method> <!-- gamingChair -->
        <test-method status="PASS" signature="studyListDetails()[pri:8, instance:runner.Testcase1@887af79]" name="studyListDetails" duration-ms="1703" started-at="2022-05-20T15:57:19 IST" finished-at="2022-05-20T15:57:20 IST">
          <reporter-output>
          </reporter-output>
        </test-method> <!-- studyListDetails -->
        <test-method status="PASS" signature="aboutPageDetails()[pri:9, instance:runner.Testcase1@887af79]" name="aboutPageDetails" duration-ms="2404" started-at="2022-05-20T15:57:20 IST" finished-at="2022-05-20T15:57:23 IST">
          <reporter-output>
          </reporter-output>
        </test-method> <!-- aboutPageDetails -->
        <test-method status="PASS" signature="myOrderListDetails()[pri:10, instance:runner.Testcase1@887af79]" name="myOrderListDetails" duration-ms="5922" started-at="2022-05-20T15:57:23 IST" finished-at="2022-05-20T15:57:29 IST">
          <reporter-output>
          </reporter-output>
        </test-method> <!-- myOrderListDetails -->
        <test-method status="PASS" signature="teardown()[pri:0, instance:runner.Testcase1@887af79]" name="teardown" is-config="true" duration-ms="856" started-at="2022-05-20T15:57:29 IST" finished-at="2022-05-20T15:57:30 IST">
          <reporter-output>
          </reporter-output>
        </test-method> <!-- teardown -->
      </class> <!-- runner.Testcase1 -->
    </test> <!-- Command line test -->
  </suite> <!-- runner.Testcase1 -->
</testng-results>
