<?xml version="1.0" encoding="UTF-8"?>
<testng-results skipped="0" failed="0" ignored="0" total="0" passed="0">
  <reporter-output>
  </reporter-output>
  <suite name="runner.Testcase1" duration-ms="7" started-at="2022-05-23T09:26:21Z" finished-at="2022-05-23T09:26:21Z">
    <groups>
    </groups>
    <test name="Command line test" duration-ms="7" started-at="2022-05-23T09:26:21Z" finished-at="2022-05-23T09:26:21Z">
    </test> <!-- Command line test -->
  </suite> <!-- runner.Testcase1 -->
</testng-results>
