<?xml version="1.0" encoding="UTF-8"?>
<!-- Generated by org.testng.reporters.JUnitXMLReporter -->
<testsuite hostname="mindc1d347" ignored="0" name="Command line test" tests="10" failures="0" timestamp="2022-05-20T15:57:30 IST" time="48.149" errors="0">
  <testcase name="loginDetails" time="4.549" classname="runner.Testcase1"/>
  <testcase name="signUpDetails" time="7.214" classname="runner.Testcase1"/>
  <testcase name="searchPageDetails" time="3.012" classname="runner.Testcase1"/>
  <testcase name="coffeePage" time="7.41" classname="runner.Testcase1"/>
  <testcase name="bookingDetails" time="5.974" classname="runner.Testcase1"/>
  <testcase name="coffeeTableList" time="1.993" classname="runner.Testcase1"/>
  <testcase name="gamingChair" time="3.093" classname="runner.Testcase1"/>
  <testcase name="studyListDetails" time="1.703" classname="runner.Testcase1"/>
  <testcase name="aboutPageDetails" time="2.404" classname="runner.Testcase1"/>
  <testcase name="myOrderListDetails" time="5.922" classname="runner.Testcase1"/>
</testsuite> <!-- Command line test -->
